<?xml version="1.0" encoding="UTF-8"?>
<testng-results ignored="0" total="9" passed="7" failed="2" skipped="0">
  <reporter-output>
  </reporter-output>
  <suite started-at="2023-08-09T22:31:37 IST" name="Data driven basic" finished-at="2023-08-09T22:33:04 IST" duration-ms="87098">
    <groups>
    </groups>
    <test started-at="2023-08-09T22:31:37 IST" name="bank manager login test" finished-at="2023-08-09T22:31:38 IST" duration-ms="1177">
      <class name="com.sinha.testCases.BankManagerLoginTest">
        <test-method signature="bankManagerLogin()[pri:0, instance:com.sinha.testCases.BankManagerLoginTest@4c402120]" started-at="2023-08-09T22:31:37 IST" name="bankManagerLogin" finished-at="2023-08-09T22:31:38 IST" duration-ms="1102" status="PASS">
          <reporter-output>
          </reporter-output>
        </test-method> <!-- bankManagerLogin -->
      </class> <!-- com.sinha.testCases.BankManagerLoginTest -->
    </test> <!-- bank manager login test -->
    <test started-at="2023-08-09T22:31:38 IST" name="add customer test" finished-at="2023-08-09T22:31:52 IST" duration-ms="13665">
      <class name="com.sinha.testCases.AddCustomerTest">
        <test-method signature="addCustomer(java.lang.String,java.lang.String,java.lang.String)[pri:0, instance:com.sinha.testCases.AddCustomerTest@5dda768f]" started-at="2023-08-09T22:31:38 IST" name="addCustomer" data-provider="getCustomerDetails" finished-at="2023-08-09T22:31:41 IST" duration-ms="3462" status="PASS">
          <params>
            <param index="0">
              <value>
                <![CDATA[Diptamoy]]>
              </value>
            </param>
            <param index="1">
              <value>
                <![CDATA[Sinha]]>
              </value>
            </param>
            <param index="2">
              <value>
                <![CDATA[721507]]>
              </value>
            </param>
          </params>
          <reporter-output>
          </reporter-output>
        </test-method> <!-- addCustomer -->
        <test-method signature="addCustomer(java.lang.String,java.lang.String,java.lang.String)[pri:0, instance:com.sinha.testCases.AddCustomerTest@5dda768f]" started-at="2023-08-09T22:31:41 IST" name="addCustomer" data-provider="getCustomerDetails" finished-at="2023-08-09T22:31:45 IST" duration-ms="3361" status="PASS">
          <params>
            <param index="0">
              <value>
                <![CDATA[Mark]]>
              </value>
            </param>
            <param index="1">
              <value>
                <![CDATA[Hamilton]]>
              </value>
            </param>
            <param index="2">
              <value>
                <![CDATA[500236]]>
              </value>
            </param>
          </params>
          <reporter-output>
          </reporter-output>
        </test-method> <!-- addCustomer -->
        <test-method signature="verifyAddedCustomer(java.lang.String,java.lang.String,java.lang.String)[pri:0, instance:com.sinha.testCases.AddCustomerTest@5dda768f]" started-at="2023-08-09T22:31:45 IST" name="verifyAddedCustomer" data-provider="getCustomerDetails" finished-at="2023-08-09T22:31:48 IST" duration-ms="3572" status="PASS">
          <params>
            <param index="0">
              <value>
                <![CDATA[Diptamoy]]>
              </value>
            </param>
            <param index="1">
              <value>
                <![CDATA[Sinha]]>
              </value>
            </param>
            <param index="2">
              <value>
                <![CDATA[721507]]>
              </value>
            </param>
          </params>
          <reporter-output>
          </reporter-output>
        </test-method> <!-- verifyAddedCustomer -->
        <test-method signature="verifyAddedCustomer(java.lang.String,java.lang.String,java.lang.String)[pri:0, instance:com.sinha.testCases.AddCustomerTest@5dda768f]" started-at="2023-08-09T22:31:48 IST" name="verifyAddedCustomer" data-provider="getCustomerDetails" finished-at="2023-08-09T22:31:51 IST" duration-ms="3239" status="PASS">
          <params>
            <param index="0">
              <value>
                <![CDATA[Mark]]>
              </value>
            </param>
            <param index="1">
              <value>
                <![CDATA[Hamilton]]>
              </value>
            </param>
            <param index="2">
              <value>
                <![CDATA[500236]]>
              </value>
            </param>
          </params>
          <reporter-output>
          </reporter-output>
        </test-method> <!-- verifyAddedCustomer -->
      </class> <!-- com.sinha.testCases.AddCustomerTest -->
    </test> <!-- add customer test -->
    <test started-at="2023-08-09T22:31:52 IST" name="open account test" finished-at="2023-08-09T22:33:04 IST" duration-ms="72198">
      <class name="com.sinha.testCases.OpenAccountTest">
        <test-method is-config="true" signature="setup()[pri:0, instance:com.sinha.testCases.OpenAccountTest@2925bf5b]" started-at="2023-08-09T22:31:32 IST" name="setup" finished-at="2023-08-09T22:31:37 IST" duration-ms="4909" status="PASS">
          <reporter-output>
          </reporter-output>
        </test-method> <!-- setup -->
        <test-method signature="openAccountTest(java.lang.String,java.lang.String,java.lang.String)[pri:1, instance:com.sinha.testCases.OpenAccountTest@2925bf5b]" started-at="2023-08-09T22:31:52 IST" name="openAccountTest" data-provider="getCustomerDetails" finished-at="2023-08-09T22:31:52 IST" duration-ms="693" status="PASS">
          <params>
            <param index="0">
              <value>
                <![CDATA[Diptamoy]]>
              </value>
            </param>
            <param index="1">
              <value>
                <![CDATA[Sinha]]>
              </value>
            </param>
            <param index="2">
              <value>
                <![CDATA[721507]]>
              </value>
            </param>
          </params>
          <reporter-output>
          </reporter-output>
        </test-method> <!-- openAccountTest -->
        <test-method signature="openAccountTest(java.lang.String,java.lang.String,java.lang.String)[pri:1, instance:com.sinha.testCases.OpenAccountTest@2925bf5b]" started-at="2023-08-09T22:31:52 IST" name="openAccountTest" data-provider="getCustomerDetails" finished-at="2023-08-09T22:31:53 IST" duration-ms="364" status="PASS">
          <params>
            <param index="0">
              <value>
                <![CDATA[Mark]]>
              </value>
            </param>
            <param index="1">
              <value>
                <![CDATA[Hamilton]]>
              </value>
            </param>
            <param index="2">
              <value>
                <![CDATA[500236]]>
              </value>
            </param>
          </params>
          <reporter-output>
          </reporter-output>
        </test-method> <!-- openAccountTest -->
        <test-method signature="verifyAccountId(java.lang.String,java.lang.String,java.lang.String)[pri:2, instance:com.sinha.testCases.OpenAccountTest@2925bf5b]" started-at="2023-08-09T22:31:53 IST" name="verifyAccountId" data-provider="getCustomerDetails" finished-at="2023-08-09T22:32:28 IST" duration-ms="35415" status="FAIL">
          <params>
            <param index="0">
              <value>
                <![CDATA[Diptamoy]]>
              </value>
            </param>
            <param index="1">
              <value>
                <![CDATA[Sinha]]>
              </value>
            </param>
            <param index="2">
              <value>
                <![CDATA[721507]]>
              </value>
            </param>
          </params>
          <exception class="java.lang.AssertionError">
            <message>
              <![CDATA[Account number is not matched, actual : 1016, expected: 1016]]>
            </message>
            <full-stacktrace>
              <![CDATA[java.lang.AssertionError: Account number is not matched, actual : 1016, expected: 1016
at org.testng.Assert.fail(Assert.java:111)
at com.sinha.testCases.OpenAccountTest.verifyAccountId(OpenAccountTest.java:90)
at java.base/jdk.internal.reflect.NativeMethodAccessorImpl.invoke0(Native Method)
at java.base/jdk.internal.reflect.NativeMethodAccessorImpl.invoke(NativeMethodAccessorImpl.java:64)
at java.base/jdk.internal.reflect.DelegatingMethodAccessorImpl.invoke(DelegatingMethodAccessorImpl.java:43)
at java.base/java.lang.reflect.Method.invoke(Method.java:564)
at org.testng.internal.invokers.MethodInvocationHelper.invokeMethod(MethodInvocationHelper.java:139)
at org.testng.internal.invokers.TestInvoker.invokeMethod(TestInvoker.java:664)
at org.testng.internal.invokers.TestInvoker.invokeTestMethod(TestInvoker.java:227)
at org.testng.internal.invokers.MethodRunner.runInSequence(MethodRunner.java:50)
at org.testng.internal.invokers.TestInvoker$MethodInvocationAgent.invoke(TestInvoker.java:957)
at org.testng.internal.invokers.TestInvoker.invokeTestMethods(TestInvoker.java:200)
at org.testng.internal.invokers.TestMethodWorker.invokeTestMethods(TestMethodWorker.java:148)
at org.testng.internal.invokers.TestMethodWorker.run(TestMethodWorker.java:128)
at java.base/java.util.ArrayList.forEach(ArrayList.java:1511)
at org.testng.TestRunner.privateRun(TestRunner.java:848)
at org.testng.TestRunner.run(TestRunner.java:621)
at org.testng.SuiteRunner.runTest(SuiteRunner.java:443)
at org.testng.SuiteRunner.runSequentially(SuiteRunner.java:437)
at org.testng.SuiteRunner.privateRun(SuiteRunner.java:397)
at org.testng.SuiteRunner.run(SuiteRunner.java:336)
at org.testng.SuiteRunnerWorker.runSuite(SuiteRunnerWorker.java:52)
at org.testng.SuiteRunnerWorker.run(SuiteRunnerWorker.java:95)
at org.testng.TestNG.runSuitesSequentially(TestNG.java:1280)
at org.testng.TestNG.runSuitesLocally(TestNG.java:1200)
at org.testng.TestNG.runSuites(TestNG.java:1114)
at org.testng.TestNG.run(TestNG.java:1082)
at org.testng.remote.AbstractRemoteTestNG.run(AbstractRemoteTestNG.java:115)
at org.testng.remote.RemoteTestNG.initAndRun(RemoteTestNG.java:251)
at org.testng.remote.RemoteTestNG.main(RemoteTestNG.java:77)
]]>
            </full-stacktrace>
          </exception> <!-- java.lang.AssertionError -->
          <reporter-output>
          </reporter-output>
        </test-method> <!-- verifyAccountId -->
        <test-method signature="verifyAccountId(java.lang.String,java.lang.String,java.lang.String)[pri:2, instance:com.sinha.testCases.OpenAccountTest@2925bf5b]" started-at="2023-08-09T22:32:28 IST" name="verifyAccountId" data-provider="getCustomerDetails" finished-at="2023-08-09T22:33:04 IST" duration-ms="35334" status="FAIL">
          <params>
            <param index="0">
              <value>
                <![CDATA[Mark]]>
              </value>
            </param>
            <param index="1">
              <value>
                <![CDATA[Hamilton]]>
              </value>
            </param>
            <param index="2">
              <value>
                <![CDATA[500236]]>
              </value>
            </param>
          </params>
          <exception class="java.lang.AssertionError">
            <message>
              <![CDATA[Account number is not matched, actual : 1017, expected: 1017]]>
            </message>
            <full-stacktrace>
              <![CDATA[java.lang.AssertionError: Account number is not matched, actual : 1017, expected: 1017
at org.testng.Assert.fail(Assert.java:111)
at com.sinha.testCases.OpenAccountTest.verifyAccountId(OpenAccountTest.java:90)
at java.base/jdk.internal.reflect.NativeMethodAccessorImpl.invoke0(Native Method)
at java.base/jdk.internal.reflect.NativeMethodAccessorImpl.invoke(NativeMethodAccessorImpl.java:64)
at java.base/jdk.internal.reflect.DelegatingMethodAccessorImpl.invoke(DelegatingMethodAccessorImpl.java:43)
at java.base/java.lang.reflect.Method.invoke(Method.java:564)
at org.testng.internal.invokers.MethodInvocationHelper.invokeMethod(MethodInvocationHelper.java:139)
at org.testng.internal.invokers.TestInvoker.invokeMethod(TestInvoker.java:664)
at org.testng.internal.invokers.TestInvoker.invokeTestMethod(TestInvoker.java:227)
at org.testng.internal.invokers.MethodRunner.runInSequence(MethodRunner.java:50)
at org.testng.internal.invokers.TestInvoker$MethodInvocationAgent.invoke(TestInvoker.java:957)
at org.testng.internal.invokers.TestInvoker.invokeTestMethods(TestInvoker.java:200)
at org.testng.internal.invokers.TestMethodWorker.invokeTestMethods(TestMethodWorker.java:148)
at org.testng.internal.invokers.TestMethodWorker.run(TestMethodWorker.java:128)
at java.base/java.util.ArrayList.forEach(ArrayList.java:1511)
at org.testng.TestRunner.privateRun(TestRunner.java:848)
at org.testng.TestRunner.run(TestRunner.java:621)
at org.testng.SuiteRunner.runTest(SuiteRunner.java:443)
at org.testng.SuiteRunner.runSequentially(SuiteRunner.java:437)
at org.testng.SuiteRunner.privateRun(SuiteRunner.java:397)
at org.testng.SuiteRunner.run(SuiteRunner.java:336)
at org.testng.SuiteRunnerWorker.runSuite(SuiteRunnerWorker.java:52)
at org.testng.SuiteRunnerWorker.run(SuiteRunnerWorker.java:95)
at org.testng.TestNG.runSuitesSequentially(TestNG.java:1280)
at org.testng.TestNG.runSuitesLocally(TestNG.java:1200)
at org.testng.TestNG.runSuites(TestNG.java:1114)
at org.testng.TestNG.run(TestNG.java:1082)
at org.testng.remote.AbstractRemoteTestNG.run(AbstractRemoteTestNG.java:115)
at org.testng.remote.RemoteTestNG.initAndRun(RemoteTestNG.java:251)
at org.testng.remote.RemoteTestNG.main(RemoteTestNG.java:77)
]]>
            </full-stacktrace>
          </exception> <!-- java.lang.AssertionError -->
          <reporter-output>
          </reporter-output>
        </test-method> <!-- verifyAccountId -->
        <test-method is-config="true" signature="tearDown()[pri:0, instance:com.sinha.testCases.OpenAccountTest@2925bf5b]" started-at="2023-08-09T22:33:04 IST" name="tearDown" finished-at="2023-08-09T22:33:05 IST" duration-ms="1126" status="PASS">
          <reporter-output>
          </reporter-output>
        </test-method> <!-- tearDown -->
      </class> <!-- com.sinha.testCases.OpenAccountTest -->
    </test> <!-- open account test -->
  </suite> <!-- Data driven basic -->
</testng-results>
